
> starter_helpi@0.1.0 test
> react-scripts test --coverage

PASS src/App.test.tsx
  ✓ renders learn react link (34 ms)

-----------------------|---------|----------|---------|---------|-------------------
File                   | % Stmts | % Branch | % Funcs | % Lines | Uncovered Line #s 
-----------------------|---------|----------|---------|---------|-------------------
All files              |   16.66 |    11.53 |    8.82 |   16.66 |                   
 App.tsx               |   66.66 |       50 |      60 |   66.66 | 13,50-57          
 BasicQuestions.tsx    |   10.52 |       10 |       0 |   10.52 | 8,15-204          
 DetailedQuestions.tsx |   10.25 |       10 |       0 |   10.25 | 12-168            
 index.tsx             |       0 |      100 |     100 |       0 | 8-18              
 progressBar.tsx       |       0 |      100 |       0 |       0 | 6                 
 reportWebVitals.ts    |       0 |        0 |       0 |       0 | 3-10              
 router.tsx            |      50 |      100 |       0 |      50 | 8                 
-----------------------|---------|----------|---------|---------|-------------------
Test Suites: 1 passed, 1 total
Tests:       1 passed, 1 total
Snapshots:   0 total
Time:        2.469 s
Ran all test suites.
